To connect to the notebook type the following command from your local terminal:
ssh -J jsprott@int4-pub.snellius.surf.nl jsprott@gcn32.local.snellius.surf.nl -L 5137:localhost:5137

After connection is established in your local browser go to the address:
http://localhost:5137
[I 17:50:53.435 NotebookApp] Serving notebooks from local directory: /gpfs/home5/jsprott/thesis-novel-objects
[I 17:50:53.435 NotebookApp] Jupyter Notebook 6.4.0 is running at:
[I 17:50:53.435 NotebookApp] http://localhost:5137/?token=4f0d797d19c9dd6932193e211d3d0bac6ae19b3edfe7650a
[I 17:50:53.435 NotebookApp]  or http://127.0.0.1:5137/?token=4f0d797d19c9dd6932193e211d3d0bac6ae19b3edfe7650a
[I 17:50:53.435 NotebookApp] Use Control-C to stop this server and shut down all kernels (twice to skip confirmation).
[C 17:50:53.439 NotebookApp] 
    
    To access the notebook, open this file in a browser:
        file:///gpfs/home5/jsprott/.local/share/jupyter/runtime/nbserver-2988453-open.html
    Or copy and paste one of these URLs:
        http://localhost:5137/?token=4f0d797d19c9dd6932193e211d3d0bac6ae19b3edfe7650a
     or http://127.0.0.1:5137/?token=4f0d797d19c9dd6932193e211d3d0bac6ae19b3edfe7650a
[I 17:52:37.690 NotebookApp] Creating new notebook in 
/sw/arch/RHEL8/EB_production/2022/software/Python/3.10.4-GCCcore-11.3.0/lib/python3.10/json/encoder.py:257: UserWarning: date_default is deprecated since jupyter_client 7.0.0. Use jupyter_client.jsonutil.json_default.
  return _iterencode(o, 0)
[I 17:52:37.782 NotebookApp] Kernel started: 53582a6a-862f-45e8-8aa0-41219dd92090, name: noun-thesis-env
[W 17:52:37.793 NotebookApp] delete /pipeline-jvsc-fccda093-f725-43b7-b202-b2731c4cc5801c77ff05-39b0-4374-8418-ccf2280b86ac.ipynb
[W 17:52:37.793 NotebookApp] Skipping trash for /gpfs/home5/jsprott/thesis-novel-objects/pipeline-jvsc-fccda093-f725-43b7-b202-b2731c4cc5801c77ff05-39b0-4374-8418-ccf2280b86ac.ipynb, [Errno 13] Permission denied: b'/gpfs/home5/.Trash-64540'
[I 17:53:04.555 NotebookApp] Starting buffering for 53582a6a-862f-45e8-8aa0-41219dd92090:60d1ef71-b52f-4a9d-b6bd-7377b4e7ed30
[I 17:53:10.156 NotebookApp] Creating new notebook in 
[I 17:53:10.189 NotebookApp] Kernel started: 61aa2ca7-f0ea-4a8e-a18a-2a0979c006f7, name: noun2
[W 17:53:10.198 NotebookApp] delete /pipeline-jvsc-ad95dd17-6a5c-4859-a980-9a55628bfd46769000da-fd57-4484-a57b-a5b433d02bd8.ipynb
[W 17:53:10.198 NotebookApp] Skipping trash for /gpfs/home5/jsprott/thesis-novel-objects/pipeline-jvsc-ad95dd17-6a5c-4859-a980-9a55628bfd46769000da-fd57-4484-a57b-a5b433d02bd8.ipynb, [Errno 13] Permission denied: b'/gpfs/home5/.Trash-64540'
